\BOOKMARK [0][-]{chapter.1}{\376\377\000M\000i\000s\000c\000.}{}% 1
\BOOKMARK [1][-]{section.1.1}{\376\377\000M\000i\000s\000c\000.\000\040\000C\000o\000n\000f\000i\000r\000m\000e\000d\000\040\000O\000p\000t\000i\000m\000i\000z\000a\000t\000i\000o\000n\000s}{chapter.1}% 2
\BOOKMARK [1][-]{section.1.2}{\376\377\000B\000i\000n\000a\000r\000y\000\040\000R\000e\000p\000r\000e\000s\000e\000n\000t\000a\000t\000i\000o\000n\000s}{chapter.1}% 3
\BOOKMARK [2][-]{subsection.1.2.1}{\376\377\000U\000n\000s\000i\000g\000n\000e\000d\000\040\000n\000u\000m\000b\000e\000r\000s}{section.1.2}% 4
\BOOKMARK [2][-]{subsection.1.2.2}{\376\377\0001\000'\000s\000\040\000c\000o\000m\000p\000l\000e\000m\000e\000n\000t}{section.1.2}% 5
\BOOKMARK [2][-]{subsection.1.2.3}{\376\377\0002\000'\000s\000\040\000c\000o\000m\000p\000l\000e\000m\000e\000n\000t}{section.1.2}% 6
\BOOKMARK [1][-]{section.1.3}{\376\377\000M\000o\000d\000u\000l\000a\000r\000\040\000A\000r\000i\000t\000h\000m\000e\000t\000i\000c}{chapter.1}% 7
\BOOKMARK [1][-]{section.1.4}{\376\377\000M\000a\000s\000t\000e\000r\000\040\000T\000h\000e\000o\000r\000e\000m\000\040\000f\000o\000r\000\040\000R\000e\000c\000u\000r\000r\000e\000n\000c\000e}{chapter.1}% 8
\BOOKMARK [0][-]{chapter.2}{\376\377\000W\000e\000e\000k\000\040\0001}{}% 9
\BOOKMARK [1][-]{section.2.1}{\376\377\000S\000e\000a\000r\000c\000h\000i\000n\000g\000\040\000A\000l\000g\000o\000r\000i\000t\000h\000m\000s}{chapter.2}% 10
\BOOKMARK [1][-]{section.2.2}{\376\377\000S\000o\000r\000t\000i\000n\000g\000\040\000A\000l\000g\000o\000r\000i\000t\000h\000m\000s}{chapter.2}% 11
\BOOKMARK [0][-]{chapter.3}{\376\377\000W\000e\000e\000k\000\040\0002}{}% 12
\BOOKMARK [0][-]{chapter.4}{\376\377\000W\000e\000e\000k\000\040\0003}{}% 13
\BOOKMARK [1][-]{section.4.1}{\376\377\000C\000o\000m\000p\000l\000e\000t\000e\000\040\000S\000e\000a\000r\000c\000h}{chapter.4}% 14
\BOOKMARK [0][-]{chapter.5}{\376\377\000W\000e\000e\000k\000\040\0004}{}% 15
\BOOKMARK [1][-]{section.5.1}{\376\377\000G\000r\000e\000e\000d\000y\000\040\000A\000l\000g\000o\000r\000i\000t\000h\000m\000s}{chapter.5}% 16
\BOOKMARK [2][-]{subsection.5.1.1}{\376\377\000U\000n\000i\000o\000n\000\040\000F\000i\000n\000d}{section.5.1}% 17
\BOOKMARK [2][-]{subsection.5.1.2}{\376\377\000G\000r\000e\000e\000d\000y\000\040\000M\000a\000t\000c\000h\000i\000n\000g}{section.5.1}% 18
\BOOKMARK [2][-]{subsection.5.1.3}{\376\377\000M\000i\000s\000c\000\040\000D\000a\000t\000a\000\040\000S\000t\000r\000u\000c\000t\000u\000r\000e\000s}{section.5.1}% 19
\BOOKMARK [0][-]{chapter.6}{\376\377\000W\000e\000e\000k\000\040\0005}{}% 20
\BOOKMARK [1][-]{section.6.1}{\376\377\000D\000y\000n\000a\000m\000i\000c\000\040\000P\000r\000o\000g\000r\000a\000m\000m\000i\000n\000g}{chapter.6}% 21
\BOOKMARK [2][-]{subsection.6.1.1}{\376\377\000C\000o\000m\000m\000o\000n\000\040\000P\000a\000t\000t\000e\000r\000n\000s}{section.6.1}% 22
\BOOKMARK [0][-]{chapter.7}{\376\377\000O\000O\000P\000\040\000\050\000i\000n\000\040\000C\000+\000+\000\051}{}% 23
\BOOKMARK [1][-]{section.7.1}{\376\377\000O\000O\000P\000s}{chapter.7}% 24
\BOOKMARK [1][-]{section.7.2}{\376\377\000I\000n\000h\000e\000r\000i\000t\000a\000n\000c\000e\000\040\000f\000r\000o\000m\000\040\000T\000u\000t\000o\000r\000i\000a\000l\000s\000P\000o\000i\000n\000t\000\040\000a\000n\000d\000\040\000L\000e\000a\000r\000n\000C\000p\000p\000.\000c\000o\000m}{chapter.7}% 25
\BOOKMARK [2][-]{subsection.7.2.1}{\376\377\000M\000u\000l\000t\000i\000p\000l\000e\000\040\000I\000n\000h\000e\000r\000i\000t\000a\000n\000c\000e}{section.7.2}% 26
\BOOKMARK [1][-]{section.7.3}{\376\377\000O\000v\000e\000r\000l\000o\000a\000d\000i\000n\000g}{chapter.7}% 27
\BOOKMARK [2][-]{subsection.7.3.1}{\376\377\000O\000v\000e\000r\000l\000o\000a\000d\000i\000n\000g\000\040\000+\000+\000\040\000\050\000a\000n\000d\000\040\040\023\000\051}{section.7.3}% 28
\BOOKMARK [1][-]{section.7.4}{\376\377\000P\000o\000l\000y\000m\000o\000r\000p\000h\000i\000s\000m}{chapter.7}% 29
\BOOKMARK [2][-]{subsection.7.4.1}{\376\377\000S\000t\000a\000t\000i\000c\000\040\000L\000i\000n\000k\000a\000g\000e}{section.7.4}% 30
\BOOKMARK [2][-]{subsection.7.4.2}{\376\377\000D\000y\000n\000a\000m\000i\000c\000\040\000L\000i\000n\000k\000a\000g\000e}{section.7.4}% 31
\BOOKMARK [1][-]{section.7.5}{\376\377\000D\000a\000t\000a\000\040\000A\000b\000s\000t\000r\000a\000c\000t\000i\000o\000n\000\040\000a\000n\000d\000\040\000E\000n\000c\000a\000p\000s\000u\000l\000a\000t\000i\000o\000n}{chapter.7}% 32
\BOOKMARK [1][-]{section.7.6}{\376\377\000A\000b\000s\000t\000r\000a\000c\000t\000\040\000C\000l\000a\000s\000s\000e\000s\000\040\000a\000.\000k\000.\000a\000\040\000C\000+\000+\000\040\000I\000n\000t\000e\000r\000f\000a\000c\000e\000s}{chapter.7}% 33
\BOOKMARK [1][-]{section.7.7}{\376\377\000N\000o\000t\000e\000s\000\040\000f\000r\000o\000m\000\040\000i\000n\000t\000e\000r\000v\000i\000e\000w\000\040\000q\000u\000e\000s\000t\000i\000o\000n\000s}{chapter.7}% 34
\BOOKMARK [2][-]{subsection.7.7.1}{\376\377\000D\000e\000s\000t\000r\000u\000c\000t\000o\000r\000s}{section.7.7}% 35
\BOOKMARK [2][-]{subsection.7.7.2}{\376\377\000N\000e\000w\000\040\000a\000n\000d\000\040\000D\000e\000l\000e\000t\000e}{section.7.7}% 36
\BOOKMARK [2][-]{subsection.7.7.3}{\376\377\000C\000o\000p\000y\000\040\000C\000o\000n\000s\000t\000r\000u\000c\000t\000o\000r\000s}{section.7.7}% 37
\BOOKMARK [1][-]{section.7.8}{\376\377\000F\000r\000o\000m\000\040\000L\000e\000a\000r\000n\000C\000P\000P\000.\000c\000o\000m}{chapter.7}% 38
\BOOKMARK [2][-]{subsection.7.8.1}{\376\377\0001\0004\000.\0004\000\040\000C\000o\000n\000s\000t\000\040\000o\000b\000j\000e\000c\000t\000s}{section.7.8}% 39
\BOOKMARK [2][-]{subsection.7.8.2}{\376\377\0001\0004\000.\0006\000\040\000A\000c\000c\000e\000s\000s\000\040\000f\000u\000n\000c\000t\000i\000o\000n\000s}{section.7.8}% 40
\BOOKMARK [1][-]{section.7.9}{\376\377\000F\000r\000i\000e\000n\000d\000s}{chapter.7}% 41
\BOOKMARK [2][-]{subsection.7.9.1}{\376\377\000F\000r\000i\000e\000n\000d\000\040\000\050\000n\000o\000n\000-\000m\000e\000m\000b\000e\000r\000\051\000\040\000F\000u\000n\000c\000t\000i\000o\000n\000s}{section.7.9}% 42
\BOOKMARK [2][-]{subsection.7.9.2}{\376\377\000F\000r\000i\000e\000n\000d\000\040\000C\000l\000a\000s\000s\000e\000s\000\040\000a\000n\000d\000\040\000M\000e\000m\000b\000e\000r\000\040\000F\000u\000n\000c\000t\000i\000o\000n\000s}{section.7.9}% 43
\BOOKMARK [0][-]{chapter.8}{\376\377\000M\000o\000r\000e\000\040\000C\000+\000+\000\040\000S\000t\000u\000f\000f}{}% 44
\BOOKMARK [1][-]{section.8.1}{\376\377\000E\000x\000c\000e\000p\000t\000i\000o\000n\000s\000\040\000f\000r\000o\000m\000\040\000L\000e\000a\000r\000n\000C\000p\000p\000.\000c\000o\000m}{chapter.8}% 45
\BOOKMARK [2][-]{subsection.8.1.1}{\376\377\000S\000t\000a\000c\000k\000\040\000u\000n\000w\000i\000n\000d\000i\000n\000g}{section.8.1}% 46
\BOOKMARK [2][-]{subsection.8.1.2}{\376\377\000E\000x\000c\000e\000p\000t\000i\000o\000n\000s\000\040\000w\000i\000t\000h\000i\000n\000\040\000c\000l\000a\000s\000s\000e\000s}{section.8.1}% 47
\BOOKMARK [2][-]{subsection.8.1.3}{\376\377\000C\000l\000a\000s\000s\000e\000s\000\040\000f\000o\000r\000\040\000E\000x\000c\000e\000p\000t\000i\000o\000n\000s}{section.8.1}% 48
\BOOKMARK [2][-]{subsection.8.1.4}{\376\377\000S\000t\000o\000r\000i\000n\000g\000\040\000E\000x\000c\000e\000p\000t\000i\000o\000n\000s}{section.8.1}% 49
\BOOKMARK [2][-]{subsection.8.1.5}{\376\377\000F\000u\000n\000c\000t\000i\000o\000n\000\040\000T\000r\000y\000\040\000B\000l\000o\000c\000k\000s}{section.8.1}% 50
\BOOKMARK [2][-]{subsection.8.1.6}{\376\377\000C\000o\000m\000m\000o\000n\000\040\000D\000e\000s\000i\000g\000n\000\040\000M\000i\000s\000t\000a\000k\000e\000s}{section.8.1}% 51
\BOOKMARK [2][-]{subsection.8.1.7}{\376\377\000E\000x\000c\000e\000p\000t\000i\000o\000n\000\040\000S\000p\000e\000c\000i\000f\000i\000c\000a\000t\000i\000o\000n\000s}{section.8.1}% 52
\BOOKMARK [0][-]{chapter.9}{\376\377\000D\000S\000A\000\040\000R\000e\000v\000i\000s\000i\000o\000n\000\040\000N\000o\000t\000e\000s}{}% 53
\BOOKMARK [1][-]{section.9.1}{\376\377\000S\000t\000a\000c\000k\000s\000,\000\040\000Q\000u\000e\000u\000e\000s\000,\000\040\000L\000i\000n\000k\000e\000d\000\040\000L\000i\000s\000t\000s}{chapter.9}% 54
\BOOKMARK [1][-]{section.9.2}{\376\377\000H\000a\000s\000h\000\040\000T\000a\000b\000l\000e\000s}{chapter.9}% 55
\BOOKMARK [2][-]{subsection.9.2.1}{\376\377\000U\000n\000i\000v\000e\000r\000s\000a\000l\000\040\000H\000a\000s\000h\000i\000n\000g}{section.9.2}% 56
\BOOKMARK [2][-]{subsection.9.2.2}{\376\377\000C\000o\000l\000l\000i\000s\000i\000o\000n\000\040\000R\000e\000s\000o\000l\000u\000t\000i\000o\000n}{section.9.2}% 57
\BOOKMARK [1][-]{section.9.3}{\376\377\000T\000r\000e\000e\000s}{chapter.9}% 58
\BOOKMARK [2][-]{subsection.9.3.1}{\376\377\000B\000i\000n\000a\000r\000y\000\040\000S\000e\000a\000r\000c\000h\000\040\000T\000r\000e\000e}{section.9.3}% 59
\BOOKMARK [2][-]{subsection.9.3.2}{\376\377\000T\000r\000a\000v\000e\000r\000s\000a\000l\000s}{section.9.3}% 60
\BOOKMARK [2][-]{subsection.9.3.3}{\376\377\000A\000V\000L\000\040\000T\000r\000e\000e\000s}{section.9.3}% 61
\BOOKMARK [1][-]{section.9.4}{\376\377\000S\000t\000r\000i\000n\000g\000\040\000S\000t\000u\000f\000f}{chapter.9}% 62
\BOOKMARK [2][-]{subsection.9.4.1}{\376\377\000K\000M\000P}{section.9.4}% 63
\BOOKMARK [1][-]{section.9.5}{\376\377\000T\000r\000i\000e\000s}{chapter.9}% 64
\BOOKMARK [0][-]{chapter.10}{\376\377\000J\000a\000v\000a\000s\000c\000r\000i\000p\000t\000\040\000N\000o\000t\000e\000s\000\040\000f\000r\000o\000m\000\040\000I\000n\000t\000e\000r\000v\000i\000e\000w\000B\000i\000t}{}% 65
\BOOKMARK [1][-]{section.10.1}{\376\377\000D\000a\000t\000a\000\040\000T\000y\000p\000e\000s\000,\000\040\000t\000y\000p\000e\000o\000f\000\040\000a\000n\000d\000\040\000i\000n\000s\000t\000a\000n\000c\000e\000o\000f\000\040\000f\000r\000o\000m\000\040\000W\0003\000S\000c\000h\000o\000o\000l\000s}{chapter.10}% 66
\BOOKMARK [1][-]{section.10.2}{\376\377\000N\000o\000t\000e\000s\000\040\000f\000r\000o\000m\000\040\000Q\000u\000e\000s\000t\000i\000o\000n\000s}{chapter.10}% 67
\BOOKMARK [0][-]{chapter.11}{\376\377\000P\000y\000t\000h\000o\000n}{}% 68
\BOOKMARK [1][-]{section.11.1}{\376\377\000M\000i\000s\000c\000.}{chapter.11}% 69
\BOOKMARK [0][-]{chapter.12}{\376\377\000A\000p\000t\000i\000t\000u\000d\000e\000\040\000T\000e\000s\000t\000\040\000P\000o\000i\000n\000t\000e\000r\000s}{}% 70
\BOOKMARK [1][-]{section.12.1}{\376\377\000N\000u\000m\000b\000e\000r\000\040\000S\000e\000q\000u\000e\000n\000c\000e}{chapter.12}% 71
