\BOOKMARK [1][-]{section.1}{\376\377\000W\000h\000a\000t\000\040\000T\000o\000\040\000E\000x\000p\000e\000c\000t}{}% 1
\BOOKMARK [1][-]{section.2}{\376\377\000P\000a\000i\000r\000\040\000T\000r\000a\000d\000i\000n\000g\000\040\000L\000o\000g\000i\000c}{}% 2
\BOOKMARK [1][-]{section.3}{\376\377\000P\000a\000i\000r\000\040\000T\000r\000a\000d\000i\000n\000g\000\040\000M\000e\000t\000h\000o\000d\000\040\0001\000:\000\040\000C\000o\000r\000r\000e\000l\000a\000t\000i\000o\000n}{}% 3
\BOOKMARK [2][-]{subsection.3.1}{\376\377\000T\000r\000a\000c\000k\000i\000n\000g\000\040\000P\000a\000i\000r\000s}{section.3}% 4
\BOOKMARK [2][-]{subsection.3.2}{\376\377\000P\000a\000i\000r\000\040\000S\000t\000a\000t\000s}{section.3}% 5
\BOOKMARK [3][-]{subsubsection.3.2.1}{\376\377\000C\000o\000r\000r\000e\000l\000a\000t\000i\000o\000n\000\040\000a\000n\000d\000\040\000i\000t\000s\000\040\000T\000y\000p\000e\000s}{subsection.3.2}% 6
\BOOKMARK [3][-]{subsubsection.3.2.2}{\376\377\000S\000t\000a\000t\000i\000s\000t\000i\000c\000\040\000V\000a\000r\000i\000a\000b\000l\000e\000s}{subsection.3.2}% 7
\BOOKMARK [2][-]{subsection.3.3}{\376\377\000P\000r\000e\000\040\000T\000r\000a\000d\000e\000\040\000S\000e\000t\000u\000p}{section.3}% 8
\BOOKMARK [3][-]{subsubsection.3.3.1}{\376\377\000N\000o\000r\000m\000a\000l\000\040\000D\000i\000s\000t\000r\000o}{subsection.3.3}% 9
\BOOKMARK [3][-]{subsubsection.3.3.2}{\376\377\000D\000e\000s\000c\000r\000i\000p\000t\000i\000v\000e\000\040\000S\000t\000a\000t\000s}{subsection.3.3}% 10
\BOOKMARK [3][-]{subsubsection.3.3.3}{\376\377\000T\000h\000e\000\040\000S\000t\000a\000n\000d\000a\000r\000d\000\040\000D\000e\000v\000i\000a\000t\000i\000o\000n\000\040\000T\000a\000b\000l\000e}{subsection.3.3}% 11
\BOOKMARK [2][-]{subsection.3.4}{\376\377\000T\000h\000e\000\040\000D\000e\000n\000s\000i\000t\000y\000\040\000C\000u\000r\000v\000e}{section.3}% 12
\BOOKMARK [3][-]{subsubsection.3.4.1}{\376\377\000S\000e\000l\000e\000c\000t\000i\000n\000g\000\040\000t\000h\000e\000\040\000V\000a\000r\000i\000a\000b\000l\000e}{subsection.3.4}% 13
\BOOKMARK [3][-]{subsubsection.3.4.2}{\376\377\000T\000h\000e\000\040\000T\000r\000a\000d\000e\000\040\000T\000r\000i\000g\000g\000e\000r}{subsection.3.4}% 14
\BOOKMARK [3][-]{subsubsection.3.4.3}{\376\377\000T\000h\000e\000\040\000D\000e\000n\000s\000i\000t\000y\000\040\000C\000u\000r\000v\000e}{subsection.3.4}% 15
\BOOKMARK [2][-]{subsection.3.5}{\376\377\000T\000h\000e\000\040\000P\000a\000i\000r\000\040\000T\000r\000a\000d\000e}{section.3}% 16
\BOOKMARK [3][-]{subsubsection.3.5.1}{\376\377\000R\000e\000a\000l\000\040\000T\000a\000l\000k}{subsection.3.5}% 17
\BOOKMARK [1][-]{section.4}{\376\377\000P\000a\000i\000r\000\040\000T\000r\000a\000d\000i\000n\000g\000\040\000M\000e\000t\000h\000o\000d\000\040\0002\000:\000\040\000S\000t\000a\000t\000i\000s\000t\000i\000c\000a\000l\000\040\000A\000r\000b\000i\000t\000r\000a\000g\000e}{}% 18
\BOOKMARK [2][-]{subsection.4.1}{\376\377\000S\000t\000r\000a\000i\000g\000h\000t\000\040\000L\000i\000n\000e\000\040\000E\000q\000u\000a\000t\000i\000o\000n}{section.4}% 19
\BOOKMARK [2][-]{subsection.4.2}{\376\377\000L\000i\000n\000e\000a\000r\000\040\000R\000e\000g\000r\000e\000s\000s\000i\000o\000n}{section.4}% 20
\BOOKMARK [2][-]{subsection.4.3}{\376\377\000T\000h\000e\000\040\000E\000r\000r\000o\000r\000\040\000R\000a\000t\000i\000o}{section.4}% 21
